#
# There is insufficient memory for the Java Runtime Environment to continue.
# Native memory allocation (malloc) failed to allocate 32784 bytes. Error detail: Chunk::new
# Possible reasons:
#   The system is out of physical RAM or swap space
#   This process is running with CompressedOops enabled, and the Java Heap may be blocking the growth of the native heap
# Possible solutions:
#   Reduce memory load on the system
#   Increase physical memory or swap space
#   Check if swap backing store is full
#   Decrease Java heap size (-Xmx/-Xms)
#   Decrease number of Java threads
#   Decrease Java thread stack sizes (-Xss)
#   Set larger code cache with -XX:ReservedCodeCacheSize=
#   JVM is running with Unscaled Compressed Oops mode in which the Java heap is
#     placed in the first 4GB address space. The Java Heap base address is the
#     maximum limit for the native heap growth. Please use -XX:HeapBaseMinAddress
#     to set the Java Heap base and to place the Java Heap above 4GB virtual address.
# This output file may be truncated or incomplete.
#
#  Out of Memory Error (arena.cpp:149), pid=704, tid=8624
#
# JRE version: Java(TM) SE Runtime Environment (23.0.1+11) (build 23.0.1+11-39)
# Java VM: Java HotSpot(TM) 64-Bit Server VM (23.0.1+11-39, mixed mode, sharing, tiered, compressed oops, compressed class ptrs, g1 gc, windows-amd64)
# No core dump will be written. Minidumps are not enabled by default on client versions of Windows
#

---------------  S U M M A R Y ------------

Command Line: UI.Main

Host: 11th Gen Intel(R) Core(TM) i5-1135G7 @ 2.40GHz, 8 cores, 7G,  Windows 11 , 64 bit Build 26100 (10.0.26100.3775)
Time: Mon Apr 14 19:13:09 2025 SE Asia Standard Time elapsed time: 147.616033 seconds (0d 0h 2m 27s)

---------------  T H R E A D  ---------------

Current thread (0x00000290c5060490):  JavaThread "C2 CompilerThread0" daemon [_thread_in_native, id=8624, stack(0x00000098aa800000,0x00000098aa900000) (1024K)]


Current CompileTask:
C2:147616 5930       4       java.awt.Container::getChildAt (54 bytes)

Stack: [0x00000098aa800000,0x00000098aa900000]
Native frames: (J=compiled Java code, j=interpreted, Vv=VM code, C=native code)
V  [jvm.dll+0x6e08b9]  (no source info available)
V  [jvm.dll+0x87dc83]  (no source info available)
V  [jvm.dll+0x88010e]  (no source info available)
V  [jvm.dll+0x8807e3]  (no source info available)
V  [jvm.dll+0x27aee6]  (no source info available)
V  [jvm.dll+0xbc06f]  (no source info available)
V  [jvm.dll+0xbc45b]  (no source info available)
V  [jvm.dll+0xbbf1b]  (no source info available)
V  [jvm.dll+0x6bc93c]  (no source info available)
V  [jvm.dll+0x666fe1]  (no source info available)
V  [jvm.dll+0x66cb75]  (no source info available)
V  [jvm.dll+0x66daf9]  (no source info available)
V  [jvm.dll+0x66bb55]  (no source info available)
V  [jvm.dll+0x2448d7]  (no source info available)
V  [jvm.dll+0x243dff]  (no source info available)
V  [jvm.dll+0x1c33a0]  (no source info available)
V  [jvm.dll+0x253cf1]  (no source info available)
V  [jvm.dll+0x251faa]  (no source info available)
V  [jvm.dll+0x3ee036]  (no source info available)
V  [jvm.dll+0x824f8b]  (no source info available)
V  [jvm.dll+0x6df065]  (no source info available)
C  [ucrtbase.dll+0x37b0]  (no source info available)
C  [KERNEL32.DLL+0x2e8d7]  (no source info available)
C  [ntdll.dll+0xb14fc]  (no source info available)

Lock stack of current Java thread (top to bottom):


---------------  P R O C E S S  ---------------

Threads class SMR info:
_java_thread_list=0x00000290c7930d40, length=17, elements={
0x00000290f3974f00, 0x00000290f3975b60, 0x00000290f397a930, 0x00000290f397b5b0,
0x00000290f397e370, 0x00000290f397f270, 0x00000290c5060490, 0x00000290f398cb20,
0x00000290c51a82a0, 0x00000290c51ac170, 0x00000290c5268e70, 0x00000290c5269d80,
0x00000290c539ce40, 0x00000290c541ae20, 0x00000290d4fa3d80, 0x00000290c6e5cf40,
0x00000290c763ac80
}

Java Threads: ( => current thread )
  0x00000290f3974f00 JavaThread "Reference Handler"          daemon [_thread_blocked, id=14592, stack(0x00000098aa200000,0x00000098aa300000) (1024K)]
  0x00000290f3975b60 JavaThread "Finalizer"                  daemon [_thread_blocked, id=3716, stack(0x00000098aa300000,0x00000098aa400000) (1024K)]
  0x00000290f397a930 JavaThread "Signal Dispatcher"          daemon [_thread_blocked, id=6396, stack(0x00000098aa400000,0x00000098aa500000) (1024K)]
  0x00000290f397b5b0 JavaThread "Attach Listener"            daemon [_thread_blocked, id=6772, stack(0x00000098aa500000,0x00000098aa600000) (1024K)]
  0x00000290f397e370 JavaThread "Service Thread"             daemon [_thread_blocked, id=396, stack(0x00000098aa600000,0x00000098aa700000) (1024K)]
  0x00000290f397f270 JavaThread "Monitor Deflation Thread"   daemon [_thread_blocked, id=17964, stack(0x00000098aa700000,0x00000098aa800000) (1024K)]
=>0x00000290c5060490 JavaThread "C2 CompilerThread0"         daemon [_thread_in_native, id=8624, stack(0x00000098aa800000,0x00000098aa900000) (1024K)]
  0x00000290f398cb20 JavaThread "C1 CompilerThread0"         daemon [_thread_blocked, id=2212, stack(0x00000098aa900000,0x00000098aaa00000) (1024K)]
  0x00000290c51a82a0 JavaThread "Notification Thread"        daemon [_thread_blocked, id=2024, stack(0x00000098aaa00000,0x00000098aab00000) (1024K)]
  0x00000290c51ac170 JavaThread "Common-Cleaner"             daemon [_thread_blocked, id=20092, stack(0x00000098aab00000,0x00000098aac00000) (1024K)]
  0x00000290c5268e70 JavaThread "Java2D Disposer"            daemon [_thread_blocked, id=4736, stack(0x00000098aac00000,0x00000098aad00000) (1024K)]
  0x00000290c5269d80 JavaThread "AWT-Shutdown"                      [_thread_blocked, id=13852, stack(0x00000098aad00000,0x00000098aae00000) (1024K)]
  0x00000290c539ce40 JavaThread "AWT-Windows"                daemon [_thread_in_native, id=18688, stack(0x00000098aae00000,0x00000098aaf00000) (1024K)]
  0x00000290c541ae20 JavaThread "AWT-EventQueue-0"                  [_thread_blocked, id=9200, stack(0x00000098aaf00000,0x00000098ab000000) (1024K)]
  0x00000290d4fa3d80 JavaThread "DestroyJavaVM"                     [_thread_blocked, id=5348, stack(0x00000098a9a00000,0x00000098a9b00000) (1024K)]
  0x00000290c6e5cf40 JavaThread "TimerQueue"                 daemon [_thread_blocked, id=13616, stack(0x00000098ab200000,0x00000098ab300000) (1024K)]
  0x00000290c763ac80 JavaThread "Swing-Shell"                daemon [_thread_blocked, id=5444, stack(0x00000098a9700000,0x00000098a9800000) (1024K)]
Total: 17

Other Threads:
  0x00000290f395ec10 VMThread "VM Thread"                           [id=11632, stack(0x00000098aa100000,0x00000098aa200000) (1024K)]
  0x00000290f394b4d0 WatcherThread "VM Periodic Task Thread"        [id=17556, stack(0x00000098aa000000,0x00000098aa100000) (1024K)]
  0x00000290d7332560 WorkerThread "GC Thread#0"                     [id=552, stack(0x00000098a9b00000,0x00000098a9c00000) (1024K)]
  0x00000290c75f5890 WorkerThread "GC Thread#1"                     [id=2160, stack(0x00000098ab700000,0x00000098ab800000) (1024K)]
  0x00000290c75f5c40 WorkerThread "GC Thread#2"                     [id=6160, stack(0x00000098ab800000,0x00000098ab900000) (1024K)]
  0x00000290c75f5ff0 WorkerThread "GC Thread#3"                     [id=19280, stack(0x00000098ab900000,0x00000098aba00000) (1024K)]
  0x00000290c75f63a0 WorkerThread "GC Thread#4"                     [id=17508, stack(0x00000098aba00000,0x00000098abb00000) (1024K)]
  0x00000290c75f6750 WorkerThread "GC Thread#5"                     [id=2296, stack(0x00000098abb00000,0x00000098abc00000) (1024K)]
  0x00000290c6d98f50 WorkerThread "GC Thread#6"                     [id=19700, stack(0x00000098abc00000,0x00000098abd00000) (1024K)]
  0x00000290c6d99300 WorkerThread "GC Thread#7"                     [id=12996, stack(0x00000098abd00000,0x00000098abe00000) (1024K)]
  0x00000290d7386b80 ConcurrentGCThread "G1 Main Marker"            [id=12372, stack(0x00000098a9c00000,0x00000098a9d00000) (1024K)]
  0x00000290d7388540 WorkerThread "G1 Conc#0"                       [id=20192, stack(0x00000098a9d00000,0x00000098a9e00000) (1024K)]
  0x00000290c75f0790 WorkerThread "G1 Conc#1"                       [id=5624, stack(0x00000098ab500000,0x00000098ab600000) (1024K)]
  0x00000290f381f210 ConcurrentGCThread "G1 Refine#0"               [id=7952, stack(0x00000098a9e00000,0x00000098a9f00000) (1024K)]
  0x00000290f3820c40 ConcurrentGCThread "G1 Service"                [id=12532, stack(0x00000098a9f00000,0x00000098aa000000) (1024K)]
Total: 15

Threads with active compile tasks:
C2 CompilerThread0  147671 5930       4       java.awt.Container::getChildAt (54 bytes)
Total: 1

VM state: not at safepoint (normal execution)

VM Mutex/Monitor currently owned by a thread: None

Heap address: 0x0000000083600000, size: 1994 MB, Compressed Oops mode: 32-bit

CDS archive(s) mapped at: [0x0000029080000000-0x0000029080d70000-0x0000029080d70000), size 14090240, SharedBaseAddress: 0x0000029080000000, ArchiveRelocationMode: 1.
Compressed class space mapped at: 0x0000029081000000-0x00000290c1000000, reserved size: 1073741824
Narrow klass base: 0x0000029080000000, Narrow klass shift: 0, Narrow klass range: 0x41000000

GC Precious Log:
 CardTable entry size: 512
 Card Set container configuration: InlinePtr #cards 5 size 8 Array Of Cards #cards 10 size 36 Howl #buckets 4 coarsen threshold 1843 Howl Bitmap #cards 512 size 80 coarsen threshold 460 Card regions per heap region 1 cards per card region 2048
 CPUs: 8 total, 8 available
 Memory: 7975M
 Large Page Support: Disabled
 NUMA Support: Disabled
 Compressed Oops: Enabled (32-bit)
 Heap Region Size: 1M
 Heap Min Capacity: 8M
 Heap Initial Capacity: 126M
 Heap Max Capacity: 1994M
 Pre-touch: Disabled
 Parallel Workers: 8
 Concurrent Workers: 2
 Concurrent Refinement Workers: 8
 Periodic GC: Disabled

Heap:
 garbage-first heap   total reserved 2041856K, committed 65536K, used 43848K [0x0000000083600000, 0x0000000100000000)
  region size 1024K, 25 young (25600K), 3 survivors (3072K)
 Metaspace       used 26233K, committed 26560K, reserved 1114112K
  class space    used 2831K, committed 2944K, reserved 1048576K

Heap Regions: E=young(eden), S=young(survivor), O=old, HS=humongous(starts), HC=humongous(continues), CS=collection set, F=free, TAMS=top-at-mark-start, PB=parsable bottom
|   0|0x0000000083600000, 0x0000000083700000, 0x0000000083700000|100%|HS|  |TAMS 0x0000000083600000| PB 0x0000000083600000| Complete |  0
|   1|0x0000000083700000, 0x0000000083800000, 0x0000000083800000|100%|HC|  |TAMS 0x0000000083700000| PB 0x0000000083700000| Complete |  0
|   2|0x0000000083800000, 0x0000000083900000, 0x0000000083900000|100%| O|  |TAMS 0x0000000083800000| PB 0x0000000083800000| Untracked |  0
|   3|0x0000000083900000, 0x00000000839385e0, 0x0000000083a00000| 22%| O|  |TAMS 0x0000000083900000| PB 0x0000000083900000| Untracked |  0
|   4|0x0000000083a00000, 0x0000000083a00000, 0x0000000083b00000|  0%| F|  |TAMS 0x0000000083a00000| PB 0x0000000083a00000| Untracked |  0
|   5|0x0000000083b00000, 0x0000000083c00000, 0x0000000083c00000|100%|HS|  |TAMS 0x0000000083b00000| PB 0x0000000083b00000| Complete |  0
|   6|0x0000000083c00000, 0x0000000083d00000, 0x0000000083d00000|100%|HC|  |TAMS 0x0000000083c00000| PB 0x0000000083c00000| Complete |  0
|   7|0x0000000083d00000, 0x0000000083e00000, 0x0000000083e00000|100%| O|  |TAMS 0x0000000083d00000| PB 0x0000000083d00000| Untracked |  0
|   8|0x0000000083e00000, 0x0000000083f00000, 0x0000000083f00000|100%| O|  |TAMS 0x0000000083e00000| PB 0x0000000083e00000| Untracked |  0
|   9|0x0000000083f00000, 0x0000000084000000, 0x0000000084000000|100%| O|  |TAMS 0x0000000083f00000| PB 0x0000000083f00000| Untracked |  0
|  10|0x0000000084000000, 0x0000000084100000, 0x0000000084100000|100%| O|  |TAMS 0x0000000084000000| PB 0x0000000084000000| Untracked |  0
|  11|0x0000000084100000, 0x0000000084200000, 0x0000000084200000|100%|HS|  |TAMS 0x0000000084100000| PB 0x0000000084100000| Complete |  0
|  12|0x0000000084200000, 0x0000000084300000, 0x0000000084300000|100%|HC|  |TAMS 0x0000000084200000| PB 0x0000000084200000| Complete |  0
|  13|0x0000000084300000, 0x0000000084400000, 0x0000000084400000|100%|HC|  |TAMS 0x0000000084300000| PB 0x0000000084300000| Complete |  0
|  14|0x0000000084400000, 0x0000000084500000, 0x0000000084500000|100%|HC|  |TAMS 0x0000000084400000| PB 0x0000000084400000| Complete |  0
|  15|0x0000000084500000, 0x0000000084600000, 0x0000000084600000|100%|HC|  |TAMS 0x0000000084500000| PB 0x0000000084500000| Complete |  0
|  16|0x0000000084600000, 0x0000000084700000, 0x0000000084700000|100%|HC|  |TAMS 0x0000000084600000| PB 0x0000000084600000| Complete |  0
|  17|0x0000000084700000, 0x0000000084800000, 0x0000000084800000|100%| O|  |TAMS 0x0000000084700000| PB 0x0000000084700000| Untracked |  0
|  18|0x0000000084800000, 0x0000000084900000, 0x0000000084900000|100%| O|  |TAMS 0x0000000084800000| PB 0x0000000084800000| Untracked |  0
|  19|0x0000000084900000, 0x0000000084942118, 0x0000000084a00000| 25%| O|  |TAMS 0x0000000084900000| PB 0x0000000084900000| Untracked |  0
|  20|0x0000000084a00000, 0x0000000084b00000, 0x0000000084b00000|100%|HS|  |TAMS 0x0000000084a00000| PB 0x0000000084a00000| Complete |  0
|  21|0x0000000084b00000, 0x0000000084c00000, 0x0000000084c00000|100%|HC|  |TAMS 0x0000000084b00000| PB 0x0000000084b00000| Complete |  0
|  22|0x0000000084c00000, 0x0000000084d00000, 0x0000000084d00000|100%|HC|  |TAMS 0x0000000084c00000| PB 0x0000000084c00000| Complete |  0
|  23|0x0000000084d00000, 0x0000000084d00000, 0x0000000084e00000|  0%| F|  |TAMS 0x0000000084d00000| PB 0x0000000084d00000| Untracked |  0
|  24|0x0000000084e00000, 0x0000000084e00000, 0x0000000084f00000|  0%| F|  |TAMS 0x0000000084e00000| PB 0x0000000084e00000| Untracked |  0
|  25|0x0000000084f00000, 0x0000000084f00000, 0x0000000085000000|  0%| F|  |TAMS 0x0000000084f00000| PB 0x0000000084f00000| Untracked |  0
|  26|0x0000000085000000, 0x0000000085057c20, 0x0000000085100000| 34%| S|CS|TAMS 0x0000000085000000| PB 0x0000000085000000| Complete |  0
|  27|0x0000000085100000, 0x0000000085200000, 0x0000000085200000|100%| S|CS|TAMS 0x0000000085100000| PB 0x0000000085100000| Complete |  0
|  28|0x0000000085200000, 0x0000000085200000, 0x0000000085300000|  0%| F|  |TAMS 0x0000000085200000| PB 0x0000000085200000| Untracked |  0
|  29|0x0000000085300000, 0x0000000085300000, 0x0000000085400000|  0%| F|  |TAMS 0x0000000085300000| PB 0x0000000085300000| Untracked |  0
|  30|0x0000000085400000, 0x0000000085500000, 0x0000000085500000|100%| S|CS|TAMS 0x0000000085400000| PB 0x0000000085400000| Complete |  0
|  31|0x0000000085500000, 0x0000000085500000, 0x0000000085600000|  0%| F|  |TAMS 0x0000000085500000| PB 0x0000000085500000| Untracked |  0
|  32|0x0000000085600000, 0x0000000085600000, 0x0000000085700000|  0%| F|  |TAMS 0x0000000085600000| PB 0x0000000085600000| Untracked |  0
|  33|0x0000000085700000, 0x0000000085700000, 0x0000000085800000|  0%| F|  |TAMS 0x0000000085700000| PB 0x0000000085700000| Untracked |  0
|  34|0x0000000085800000, 0x0000000085800000, 0x0000000085900000|  0%| F|  |TAMS 0x0000000085800000| PB 0x0000000085800000| Untracked |  0
|  35|0x0000000085900000, 0x0000000085900000, 0x0000000085a00000|  0%| F|  |TAMS 0x0000000085900000| PB 0x0000000085900000| Untracked |  0
|  36|0x0000000085a00000, 0x0000000085a00000, 0x0000000085b00000|  0%| F|  |TAMS 0x0000000085a00000| PB 0x0000000085a00000| Untracked |  0
|  37|0x0000000085b00000, 0x0000000085b00000, 0x0000000085c00000|  0%| F|  |TAMS 0x0000000085b00000| PB 0x0000000085b00000| Untracked |  0
|  38|0x0000000085c00000, 0x0000000085c00000, 0x0000000085d00000|  0%| F|  |TAMS 0x0000000085c00000| PB 0x0000000085c00000| Untracked |  0
|  39|0x0000000085d00000, 0x0000000085d00000, 0x0000000085e00000|  0%| F|  |TAMS 0x0000000085d00000| PB 0x0000000085d00000| Untracked |  0
|  40|0x0000000085e00000, 0x0000000085e00000, 0x0000000085f00000|  0%| F|  |TAMS 0x0000000085e00000| PB 0x0000000085e00000| Untracked |  0
|  41|0x0000000085f00000, 0x0000000085f00000, 0x0000000086000000|  0%| F|  |TAMS 0x0000000085f00000| PB 0x0000000085f00000| Untracked |  0
|  42|0x0000000086000000, 0x000000008608f430, 0x0000000086100000| 55%| E|  |TAMS 0x0000000086000000| PB 0x0000000086000000| Complete |  0
|  43|0x0000000086100000, 0x0000000086200000, 0x0000000086200000|100%| E|CS|TAMS 0x0000000086100000| PB 0x0000000086100000| Complete |  0
|  44|0x0000000086200000, 0x0000000086300000, 0x0000000086300000|100%| E|CS|TAMS 0x0000000086200000| PB 0x0000000086200000| Complete |  0
|  45|0x0000000086300000, 0x0000000086400000, 0x0000000086400000|100%| E|  |TAMS 0x0000000086300000| PB 0x0000000086300000| Complete |  0
|  46|0x0000000086400000, 0x0000000086500000, 0x0000000086500000|100%| E|CS|TAMS 0x0000000086400000| PB 0x0000000086400000| Complete |  0
|  47|0x0000000086500000, 0x0000000086600000, 0x0000000086600000|100%| E|CS|TAMS 0x0000000086500000| PB 0x0000000086500000| Complete |  0
|  48|0x0000000086600000, 0x0000000086700000, 0x0000000086700000|100%| E|CS|TAMS 0x0000000086600000| PB 0x0000000086600000| Complete |  0
|  49|0x0000000086700000, 0x0000000086800000, 0x0000000086800000|100%| E|CS|TAMS 0x0000000086700000| PB 0x0000000086700000| Complete |  0
|  50|0x0000000086800000, 0x0000000086900000, 0x0000000086900000|100%| E|CS|TAMS 0x0000000086800000| PB 0x0000000086800000| Complete |  0
|  51|0x0000000086900000, 0x0000000086a00000, 0x0000000086a00000|100%| E|CS|TAMS 0x0000000086900000| PB 0x0000000086900000| Complete |  0
|  52|0x0000000086a00000, 0x0000000086b00000, 0x0000000086b00000|100%| E|CS|TAMS 0x0000000086a00000| PB 0x0000000086a00000| Complete |  0
|  53|0x0000000086b00000, 0x0000000086c00000, 0x0000000086c00000|100%| E|CS|TAMS 0x0000000086b00000| PB 0x0000000086b00000| Complete |  0
|  54|0x0000000086c00000, 0x0000000086d00000, 0x0000000086d00000|100%| E|CS|TAMS 0x0000000086c00000| PB 0x0000000086c00000| Complete |  0
|  55|0x0000000086d00000, 0x0000000086e00000, 0x0000000086e00000|100%| E|CS|TAMS 0x0000000086d00000| PB 0x0000000086d00000| Complete |  0
|  56|0x0000000086e00000, 0x0000000086f00000, 0x0000000086f00000|100%| E|CS|TAMS 0x0000000086e00000| PB 0x0000000086e00000| Complete |  0
|  57|0x0000000086f00000, 0x0000000087000000, 0x0000000087000000|100%| E|CS|TAMS 0x0000000086f00000| PB 0x0000000086f00000| Complete |  0
|  58|0x0000000087000000, 0x0000000087100000, 0x0000000087100000|100%| E|CS|TAMS 0x0000000087000000| PB 0x0000000087000000| Complete |  0
|  59|0x0000000087100000, 0x0000000087200000, 0x0000000087200000|100%| E|CS|TAMS 0x0000000087100000| PB 0x0000000087100000| Complete |  0
|  60|0x0000000087200000, 0x0000000087300000, 0x0000000087300000|100%| E|CS|TAMS 0x0000000087200000| PB 0x0000000087200000| Complete |  0
| 115|0x000000008a900000, 0x000000008aa00000, 0x000000008aa00000|100%| E|CS|TAMS 0x000000008a900000| PB 0x000000008a900000| Complete |  0
| 116|0x000000008aa00000, 0x000000008ab00000, 0x000000008ab00000|100%| E|CS|TAMS 0x000000008aa00000| PB 0x000000008aa00000| Complete |  0
| 125|0x000000008b300000, 0x000000008b400000, 0x000000008b400000|100%| E|CS|TAMS 0x000000008b300000| PB 0x000000008b300000| Complete |  0

Card table byte_map: [0x00000290ef130000,0x00000290ef520000] _byte_map_base: 0x00000290eed15000

Marking Bits: (CMBitMap*) 0x00000290d7332c70
 Bits: [0x00000290ef520000, 0x00000290f1448000)

Polling page: 0x00000290d4f60000

Metaspace:

Usage:
  Non-class:     22.85 MB used.
      Class:      2.77 MB used.
       Both:     25.62 MB used.

Virtual space:
  Non-class space:       64.00 MB reserved,      23.06 MB ( 36%) committed,  1 nodes.
      Class space:        1.00 GB reserved,       2.88 MB ( <1%) committed,  1 nodes.
             Both:        1.06 GB reserved,      25.94 MB (  2%) committed. 

Chunk freelists:
   Non-Class:  9.00 MB
       Class:  13.06 MB
        Both:  22.06 MB

MaxMetaspaceSize: unlimited
CompressedClassSpaceSize: 1.00 GB
Initial GC threshold: 21.00 MB
Current GC threshold: 35.12 MB
CDS: on
 - commit_granule_bytes: 65536.
 - commit_granule_words: 8192.
 - virtual_space_node_default_size: 8388608.
 - enlarge_chunks_in_place: 1.
 - use_allocation_guard: 0.


Internal statistics:

num_allocs_failed_limit: 3.
num_arena_births: 270.
num_arena_deaths: 0.
num_vsnodes_births: 2.
num_vsnodes_deaths: 0.
num_space_committed: 415.
num_space_uncommitted: 0.
num_chunks_returned_to_freelist: 3.
num_chunks_taken_from_freelist: 496.
num_chunk_merges: 0.
num_chunk_splits: 291.
num_chunks_enlarged: 163.
num_inconsistent_stats: 0.

CodeHeap 'non-profiled nmethods': size=120064Kb used=3485Kb max_used=3485Kb free=116578Kb
 bounds [0x00000290e74d0000, 0x00000290e7840000, 0x00000290eea10000]
CodeHeap 'profiled nmethods': size=120000Kb used=8996Kb max_used=8996Kb free=111003Kb
 bounds [0x00000290dfa10000, 0x00000290e02e0000, 0x00000290e6f40000]
CodeHeap 'non-nmethods': size=5696Kb used=2019Kb max_used=2077Kb free=3676Kb
 bounds [0x00000290e6f40000, 0x00000290e71b0000, 0x00000290e74d0000]
CodeCache: size=245760Kb, used=14500Kb, max_used=14558Kb, free=231257Kb
 total_blobs=6778, nmethods=5928, adapters=753, full_count=0
Compilation: enabled, stopped_count=0, restarted_count=0

Compilation events (20 events):
Event: 139.805 Thread 0x00000290c5060490 nmethod 5920 0x00000290e7835788 code [0x00000290e78358e0, 0x00000290e7835df8]
Event: 140.027 Thread 0x00000290f398cb20 5921       1       javax.swing.AbstractButton::getRolloverSelectedIcon (5 bytes)
Event: 140.027 Thread 0x00000290f398cb20 nmethod 5921 0x00000290e7835f08 code [0x00000290e7836020, 0x00000290e78360f0]
Event: 140.028 Thread 0x00000290f398cb20 5922       1       javax.swing.AbstractButton::getRolloverIcon (5 bytes)
Event: 140.028 Thread 0x00000290f398cb20 nmethod 5922 0x00000290e7836208 code [0x00000290e7836320, 0x00000290e78363f0]
Event: 140.082 Thread 0x00000290c5060490 5923       4       javax.swing.GroupLayout$ParallelGroup::setChildSize (113 bytes)
Event: 140.084 Thread 0x00000290c5060490 nmethod 5923 0x00000290e7836508 code [0x00000290e7836620, 0x00000290e7836860]
Event: 140.818 Thread 0x00000290f398cb20 5924       3       javax.swing.plaf.basic.BasicLookAndFeel::getUIOfType (12 bytes)
Event: 140.819 Thread 0x00000290f398cb20 nmethod 5924 0x00000290e02d5508 code [0x00000290e02d5620, 0x00000290e02d57b0]
Event: 141.040 Thread 0x00000290f398cb20 5925       3       javax.swing.BoxLayout::checkContainer (19 bytes)
Event: 141.041 Thread 0x00000290f398cb20 nmethod 5925 0x00000290e02d5808 code [0x00000290e02d5940, 0x00000290e02d5b08]
Event: 141.073 Thread 0x00000290f398cb20 5926       3       java.awt.BorderLayout::invalidateLayout (1 bytes)
Event: 141.073 Thread 0x00000290f398cb20 nmethod 5926 0x00000290e02d5b88 code [0x00000290e02d5ca0, 0x00000290e02d5da8]
Event: 141.074 Thread 0x00000290f398cb20 5927   !   3       java.awt.DefaultKeyboardFocusManager::typeAheadAssertions (356 bytes)
Event: 141.074 Thread 0x00000290c5060490 5928       4       sun.awt.image.SunVolatileImage::createGraphics (27 bytes)
Event: 141.075 Thread 0x00000290f398cb20 nmethod 5927 0x00000290e02d5e88 code [0x00000290e02d62e0, 0x00000290e02d8f98]
Event: 141.078 Thread 0x00000290c5060490 nmethod 5928 0x00000290e7836908 code [0x00000290e7836a40, 0x00000290e7836e60]
Event: 141.099 Thread 0x00000290c5060490 5929       4       javax.swing.JComponent::getInsets (79 bytes)
Event: 141.101 Thread 0x00000290c5060490 nmethod 5929 0x00000290e7836f08 code [0x00000290e7837080, 0x00000290e78373c0]
Event: 142.574 Thread 0x00000290c5060490 5930       4       java.awt.Container::getChildAt (54 bytes)

GC Heap History (16 events):
Event: 4.296 GC heap before
{Heap before GC invocations=0 (full 0):
 garbage-first heap   total reserved 2041856K, committed 129024K, used 30720K [0x0000000083600000, 0x0000000100000000)
  region size 1024K, 24 young (24576K), 0 survivors (0K)
 Metaspace       used 14883K, committed 15104K, reserved 1114112K
  class space    used 1643K, committed 1728K, reserved 1048576K
}
Event: 4.302 GC heap after
{Heap after GC invocations=1 (full 0):
 garbage-first heap   total reserved 2041856K, committed 129024K, used 13461K [0x0000000083600000, 0x0000000100000000)
  region size 1024K, 3 young (3072K), 3 survivors (3072K)
 Metaspace       used 14883K, committed 15104K, reserved 1114112K
  class space    used 1643K, committed 1728K, reserved 1048576K
}
Event: 6.999 GC heap before
{Heap before GC invocations=1 (full 0):
 garbage-first heap   total reserved 2041856K, committed 129024K, used 27797K [0x0000000083600000, 0x0000000100000000)
  region size 1024K, 12 young (12288K), 3 survivors (3072K)
 Metaspace       used 21259K, committed 21504K, reserved 1114112K
  class space    used 2311K, committed 2432K, reserved 1048576K
}
Event: 7.004 GC heap after
{Heap after GC invocations=2 (full 0):
 garbage-first heap   total reserved 2041856K, committed 129024K, used 18086K [0x0000000083600000, 0x0000000100000000)
  region size 1024K, 2 young (2048K), 2 survivors (2048K)
 Metaspace       used 21259K, committed 21504K, reserved 1114112K
  class space    used 2311K, committed 2432K, reserved 1048576K
}
Event: 26.129 GC heap before
{Heap before GC invocations=3 (full 0):
 garbage-first heap   total reserved 2041856K, committed 65536K, used 54950K [0x0000000083600000, 0x0000000100000000)
  region size 1024K, 38 young (38912K), 2 survivors (2048K)
 Metaspace       used 23943K, committed 24256K, reserved 1114112K
  class space    used 2624K, committed 2752K, reserved 1048576K
}
Event: 26.132 GC heap after
{Heap after GC invocations=4 (full 0):
 garbage-first heap   total reserved 2041856K, committed 65536K, used 19354K [0x0000000083600000, 0x0000000100000000)
  region size 1024K, 3 young (3072K), 3 survivors (3072K)
 Metaspace       used 23943K, committed 24256K, reserved 1114112K
  class space    used 2624K, committed 2752K, reserved 1048576K
}
Event: 31.476 GC heap before
{Heap before GC invocations=4 (full 0):
 garbage-first heap   total reserved 2041856K, committed 65536K, used 45978K [0x0000000083600000, 0x0000000100000000)
  region size 1024K, 29 young (29696K), 3 survivors (3072K)
 Metaspace       used 24037K, committed 24320K, reserved 1114112K
  class space    used 2624K, committed 2752K, reserved 1048576K
}
Event: 31.479 GC heap after
{Heap after GC invocations=5 (full 0):
 garbage-first heap   total reserved 2041856K, committed 65536K, used 19494K [0x0000000083600000, 0x0000000100000000)
  region size 1024K, 2 young (2048K), 2 survivors (2048K)
 Metaspace       used 24037K, committed 24320K, reserved 1114112K
  class space    used 2624K, committed 2752K, reserved 1048576K
}
Event: 51.226 GC heap before
{Heap before GC invocations=5 (full 0):
 garbage-first heap   total reserved 2041856K, committed 65536K, used 47142K [0x0000000083600000, 0x0000000100000000)
  region size 1024K, 30 young (30720K), 2 survivors (2048K)
 Metaspace       used 24546K, committed 24768K, reserved 1114112K
  class space    used 2655K, committed 2752K, reserved 1048576K
}
Event: 51.228 GC heap after
{Heap after GC invocations=6 (full 0):
 garbage-first heap   total reserved 2041856K, committed 65536K, used 19945K [0x0000000083600000, 0x0000000100000000)
  region size 1024K, 2 young (2048K), 2 survivors (2048K)
 Metaspace       used 24546K, committed 24768K, reserved 1114112K
  class space    used 2655K, committed 2752K, reserved 1048576K
}
Event: 67.039 GC heap before
{Heap before GC invocations=6 (full 0):
 garbage-first heap   total reserved 2041856K, committed 65536K, used 49641K [0x0000000083600000, 0x0000000100000000)
  region size 1024K, 31 young (31744K), 2 survivors (2048K)
 Metaspace       used 24774K, committed 25088K, reserved 1114112K
  class space    used 2656K, committed 2752K, reserved 1048576K
}
Event: 67.041 GC heap after
{Heap after GC invocations=7 (full 0):
 garbage-first heap   total reserved 2041856K, committed 65536K, used 20041K [0x0000000083600000, 0x0000000100000000)
  region size 1024K, 3 young (3072K), 3 survivors (3072K)
 Metaspace       used 24774K, committed 25088K, reserved 1114112K
  class space    used 2656K, committed 2752K, reserved 1048576K
}
Event: 75.199 GC heap before
{Heap before GC invocations=7 (full 0):
 garbage-first heap   total reserved 2041856K, committed 65536K, used 50761K [0x0000000083600000, 0x0000000100000000)
  region size 1024K, 33 young (33792K), 3 survivors (3072K)
 Metaspace       used 24887K, committed 25216K, reserved 1114112K
  class space    used 2667K, committed 2816K, reserved 1048576K
}
Event: 75.202 GC heap after
{Heap after GC invocations=8 (full 0):
 garbage-first heap   total reserved 2041856K, committed 65536K, used 20098K [0x0000000083600000, 0x0000000100000000)
  region size 1024K, 3 young (3072K), 3 survivors (3072K)
 Metaspace       used 24887K, committed 25216K, reserved 1114112K
  class space    used 2667K, committed 2816K, reserved 1048576K
}
Event: 115.993 GC heap before
{Heap before GC invocations=8 (full 0):
 garbage-first heap   total reserved 2041856K, committed 65536K, used 52866K [0x0000000083600000, 0x0000000100000000)
  region size 1024K, 35 young (35840K), 3 survivors (3072K)
 Metaspace       used 25050K, committed 25344K, reserved 1114112K
  class space    used 2683K, committed 2816K, reserved 1048576K
}
Event: 115.996 GC heap after
{Heap after GC invocations=9 (full 0):
 garbage-first heap   total reserved 2041856K, committed 65536K, used 20296K [0x0000000083600000, 0x0000000100000000)
  region size 1024K, 3 young (3072K), 3 survivors (3072K)
 Metaspace       used 25050K, committed 25344K, reserved 1114112K
  class space    used 2683K, committed 2816K, reserved 1048576K
}

Dll operation events (12 events):
Event: 0.009 Loaded shared library C:\Program Files\Java\jdk-23\bin\java.dll
Event: 0.037 Loaded shared library C:\Program Files\Java\jdk-23\bin\jsvml.dll
Event: 0.083 Loaded shared library C:\Program Files\Java\jdk-23\bin\jimage.dll
Event: 0.088 Loaded shared library C:\Program Files\Java\jdk-23\bin\net.dll
Event: 0.090 Loaded shared library C:\Program Files\Java\jdk-23\bin\nio.dll
Event: 0.094 Loaded shared library C:\Program Files\Java\jdk-23\bin\zip.dll
Event: 0.116 Loaded shared library C:\Program Files\Java\jdk-23\bin\awt.dll
Event: 0.254 Loaded shared library C:\Program Files\Java\jdk-23\bin\freetype.dll
Event: 0.255 Loaded shared library C:\Program Files\Java\jdk-23\bin\fontmanager.dll
Event: 4.189 Loaded shared library C:\Program Files\Java\jdk-23\bin\extnet.dll
Event: 4.454 Loaded shared library C:\Program Files\Java\jdk-23\bin\sunmscapi.dll
Event: 7.031 Loaded shared library C:\Program Files\Java\jdk-23\bin\verify.dll

Deoptimization events (20 events):
Event: 139.071 Thread 0x00000290c7637e90 DEOPT PACKING pc=0x00000290e02d3be2 sp=0x00000098ab6ff120
Event: 139.071 Thread 0x00000290c7637e90 DEOPT UNPACKING pc=0x00000290e6f984c2 sp=0x00000098ab6fe5b0 mode 0
Event: 139.071 Thread 0x00000290c7637e90 DEOPT PACKING pc=0x00000290e02d2cc6 sp=0x00000098ab6ff190
Event: 139.071 Thread 0x00000290c7637e90 DEOPT UNPACKING pc=0x00000290e6f984c2 sp=0x00000098ab6fe608 mode 0
Event: 139.072 Thread 0x00000290c7637e90 Uncommon trap: trap_request=0xffffff45 fr.pc=0x00000290e781fd30 relative=0x0000000000000310
Event: 139.072 Thread 0x00000290c7637e90 Uncommon trap: reason=unstable_if action=reinterpret pc=0x00000290e781fd30 method=sun.awt.image.ImageRepresentation.getOpaqueRGBImage()Ljava/awt/image/BufferedImage; @ 57 c2
Event: 139.072 Thread 0x00000290c7637e90 DEOPT PACKING pc=0x00000290e781fd30 sp=0x00000098ab6ff230
Event: 139.072 Thread 0x00000290c7637e90 DEOPT UNPACKING pc=0x00000290e6f97982 sp=0x00000098ab6ff1c0 mode 2
Event: 139.074 Thread 0x00000290c541ae20 Uncommon trap: trap_request=0xffffffc6 fr.pc=0x00000290e77e68b8 relative=0x0000000000006058
Event: 139.074 Thread 0x00000290c541ae20 Uncommon trap: reason=bimorphic_or_optimized_type_check action=maybe_recompile pc=0x00000290e77e68b8 method=java.awt.DefaultKeyboardFocusManager.dispatchEvent(Ljava/awt/AWTEvent;)Z @ 474 c2
Event: 139.074 Thread 0x00000290c541ae20 DEOPT PACKING pc=0x00000290e77e68b8 sp=0x00000098aaffdcf0
Event: 139.074 Thread 0x00000290c541ae20 DEOPT UNPACKING pc=0x00000290e6f97982 sp=0x00000098aaffdcc8 mode 2
Event: 139.078 Thread 0x00000290c541ae20 Uncommon trap: trap_request=0xffffffde fr.pc=0x00000290e77cc00c relative=0x000000000000022c
Event: 139.078 Thread 0x00000290c541ae20 Uncommon trap: reason=class_check action=maybe_recompile pc=0x00000290e77cc00c method=javax.swing.JComponent.getInsets(Ljava/awt/Insets;)Ljava/awt/Insets; @ 37 c2
Event: 139.078 Thread 0x00000290c541ae20 DEOPT PACKING pc=0x00000290e77cc00c sp=0x00000098aaffd290
Event: 139.078 Thread 0x00000290c541ae20 DEOPT UNPACKING pc=0x00000290e6f97982 sp=0x00000098aaffd220 mode 2
Event: 139.745 Thread 0x00000290c541ae20 Uncommon trap: trap_request=0xffffff45 fr.pc=0x00000290e762d068 relative=0x0000000000000e08
Event: 139.745 Thread 0x00000290c541ae20 Uncommon trap: reason=unstable_if action=reinterpret pc=0x00000290e762d068 method=java.awt.Container.findComponentAtImpl(IIZ)Ljava/awt/Component; @ 24 c2
Event: 139.745 Thread 0x00000290c541ae20 DEOPT PACKING pc=0x00000290e762d068 sp=0x00000098aaffdf70
Event: 139.746 Thread 0x00000290c541ae20 DEOPT UNPACKING pc=0x00000290e6f97982 sp=0x00000098aaffdf20 mode 2

Classes loaded (20 events):
Event: 123.445 Loading class javax/accessibility/AccessibleStateSet
Event: 123.446 Loading class javax/accessibility/AccessibleStateSet done
Event: 123.446 Loading class javax/swing/JViewport$AccessibleJViewport
Event: 123.446 Loading class javax/swing/JViewport$AccessibleJViewport done
Event: 123.524 Loading class sun/swing/FilePane$DelayedSelectionUpdater
Event: 123.524 Loading class sun/swing/FilePane$DelayedSelectionUpdater done
Event: 138.943 Loading class java/nio/file/StandardCopyOption
Event: 138.943 Loading class java/nio/file/StandardCopyOption done
Event: 138.943 Loading class sun/nio/fs/WindowsFileCopy
Event: 138.944 Loading class sun/nio/fs/WindowsFileCopy done
Event: 138.945 Loading class sun/awt/image/FileImageSource
Event: 138.945 Loading class sun/awt/image/FileImageSource done
Event: 138.984 Loading class java/awt/image/AreaAveragingScaleFilter
Event: 138.984 Loading class java/awt/image/ReplicateScaleFilter
Event: 138.984 Loading class java/awt/image/ImageFilter
Event: 138.985 Loading class java/awt/image/ImageFilter done
Event: 138.985 Loading class java/awt/image/ReplicateScaleFilter done
Event: 138.985 Loading class java/awt/image/AreaAveragingScaleFilter done
Event: 138.985 Loading class java/awt/image/FilteredImageSource
Event: 138.985 Loading class java/awt/image/FilteredImageSource done

Classes unloaded (0 events):
No events

Classes redefined (0 events):
No events

Internal exceptions (20 events):
Event: 3.109 Thread 0x00000290c541ae20 Implicit null exception at 0x00000290e754fae1 to 0x00000290e75501bc
Event: 3.109 Thread 0x00000290c541ae20 Implicit null exception at 0x00000290e7553bdb to 0x00000290e755411d
Event: 3.110 Thread 0x00000290c541ae20 Implicit null exception at 0x00000290e754fae1 to 0x00000290e75501bc
Event: 3.110 Thread 0x00000290c541ae20 Implicit null exception at 0x00000290e7553bdb to 0x00000290e755411d
Event: 4.032 Thread 0x00000290c541ae20 Exception <a 'java/lang/NoSuchMethodError'{0x000000008a171130}: 'int java.lang.invoke.DirectMethodHandle$Holder.invokeStatic(java.lang.Object, int, java.lang.Object)'> (0x000000008a171130) 
thrown [s\open\src\hotspot\share\interpreter\linkResolver.cpp, line 796]
Event: 4.074 Thread 0x00000290c541ae20 Exception <a 'java/lang/NoSuchMethodError'{0x000000008a035550}: 'void java.lang.invoke.DirectMethodHandle$Holder.invokeStaticInit(java.lang.Object, java.lang.Object, java.lang.Object)'> (0x000000008a035550) 
thrown [s\open\src\hotspot\share\interpreter\linkResolver.cpp, line 796]
Event: 4.165 Thread 0x00000290c541ae20 Exception <a 'java/lang/NoSuchMethodError'{0x0000000089fd3d88}: 'java.lang.Object java.lang.invoke.DirectMethodHandle$Holder.invokeInterface(java.lang.Object, java.lang.Object)'> (0x0000000089fd3d88) 
thrown [s\open\src\hotspot\share\interpreter\linkResolver.cpp, line 796]
Event: 4.225 Thread 0x00000290c541ae20 Exception <a 'java/lang/NoSuchMethodError'{0x0000000089c2f588}: 'java.lang.Object java.lang.invoke.DirectMethodHandle$Holder.invokeStatic(java.lang.Object, long, java.lang.Object)'> (0x0000000089c2f588) 
thrown [s\open\src\hotspot\share\interpreter\linkResolver.cpp, line 796]
Event: 4.225 Thread 0x00000290c541ae20 Exception <a 'java/lang/NoSuchMethodError'{0x0000000089c32ed8}: 'java.lang.Object java.lang.invoke.DirectMethodHandle$Holder.invokeStaticInit(java.lang.Object, long, java.lang.Object)'> (0x0000000089c32ed8) 
thrown [s\open\src\hotspot\share\interpreter\linkResolver.cpp, line 796]
Event: 4.226 Thread 0x00000290c541ae20 Exception <a 'java/lang/NoSuchMethodError'{0x0000000089c38a40}: 'java.lang.Object java.lang.invoke.DirectMethodHandle$Holder.newInvokeSpecial(java.lang.Object, long)'> (0x0000000089c38a40) 
thrown [s\open\src\hotspot\share\interpreter\linkResolver.cpp, line 796]
Event: 4.327 Thread 0x00000290c541ae20 Exception <a 'java/lang/NoSuchMethodError'{0x000000008b377dd0}: 'void java.lang.invoke.DirectMethodHandle$Holder.invokeStatic(java.lang.Object, java.lang.Object)'> (0x000000008b377dd0) 
thrown [s\open\src\hotspot\share\interpreter\linkResolver.cpp, line 796]
Event: 4.332 Thread 0x00000290c541ae20 Exception <a 'java/lang/NoSuchMethodError'{0x000000008b274220}: 'java.lang.Object java.lang.invoke.DirectMethodHandle$Holder.invokeVirtual(java.lang.Object, java.lang.Object, java.lang.Object, java.lang.Object)'> (0x000000008b274220) 
thrown [s\open\src\hotspot\share\interpreter\linkResolver.cpp, line 796]
Event: 4.333 Thread 0x00000290c541ae20 Exception <a 'java/lang/NoSuchMethodError'{0x000000008b27f1e0}: 'java.lang.Object java.lang.invoke.Invokers$Holder.invokeExact_MT(java.lang.Object, java.lang.Object, java.lang.Object, java.lang.Object, java.lang.Object)'> (0x000000008b27f1e0) 
thrown [s\open\src\hotspot\share\interpreter\linkResolver.cpp, line 796]
Event: 4.337 Thread 0x00000290c541ae20 Exception <a 'java/lang/NoSuchMethodError'{0x000000008b28e090}: 'java.lang.Object java.lang.invoke.DirectMethodHandle$Holder.invokeStaticInit(java.lang.Object, int, int, int, int)'> (0x000000008b28e090) 
thrown [s\open\src\hotspot\share\interpreter\linkResolver.cpp, line 796]
Event: 4.350 Thread 0x00000290c541ae20 Exception <a 'java/lang/NoSuchMethodError'{0x000000008b2d9190}: 'java.lang.Object java.lang.invoke.DirectMethodHandle$Holder.invokeStaticInit(java.lang.Object, java.lang.Object, int, int, int, int)'> (0x000000008b2d9190) 
thrown [s\open\src\hotspot\share\interpreter\linkResolver.cpp, line 796]
Event: 4.374 Thread 0x00000290c541ae20 Exception <a 'sun/nio/fs/WindowsException'{0x000000008b158770}> (0x000000008b158770) 
thrown [s\open\src\hotspot\share\prims\jni.cpp, line 520]
Event: 7.130 Thread 0x00000290c541ae20 Implicit null exception at 0x00000290e75cccd9 to 0x00000290e75cd010
Event: 35.520 Thread 0x00000290c541ae20 Exception <a 'java/lang/NoSuchMethodError'{0x00000000870d9648}: 'long java.lang.invoke.DirectMethodHandle$Holder.invokeSpecial(java.lang.Object, java.lang.Object)'> (0x00000000870d9648) 
thrown [s\open\src\hotspot\share\interpreter\linkResolver.cpp, line 796]
Event: 115.558 Thread 0x00000290c541ae20 Implicit null exception at 0x00000290e75f43fc to 0x00000290e75f50b0
Event: 121.320 Thread 0x00000290c541ae20 Implicit null exception at 0x00000290e77a8e45 to 0x00000290e77a913a

VM Operations (20 events):
Event: 120.324 Executing VM operation: HandshakeAllThreads (HandshakeForDeflation)
Event: 120.324 Executing VM operation: HandshakeAllThreads (HandshakeForDeflation) done
Event: 120.324 Executing VM operation: RendezvousGCThreads
Event: 120.324 Executing VM operation: RendezvousGCThreads done
Event: 121.040 Executing VM operation: HandshakeAllThreads (Deoptimize)
Event: 121.040 Executing VM operation: HandshakeAllThreads (Deoptimize) done
Event: 121.047 Executing VM operation: HandshakeAllThreads (Deoptimize)
Event: 121.047 Executing VM operation: HandshakeAllThreads (Deoptimize) done
Event: 121.068 Executing VM operation: HandshakeAllThreads (Deoptimize)
Event: 121.068 Executing VM operation: HandshakeAllThreads (Deoptimize) done
Event: 121.359 Executing VM operation: HandshakeAllThreads (Deoptimize)
Event: 121.359 Executing VM operation: HandshakeAllThreads (Deoptimize) done
Event: 121.360 Executing VM operation: HandshakeAllThreads (Deoptimize)
Event: 121.360 Executing VM operation: HandshakeAllThreads (Deoptimize) done
Event: 121.361 Executing VM operation: HandshakeAllThreads (Deoptimize)
Event: 121.361 Executing VM operation: HandshakeAllThreads (Deoptimize) done
Event: 138.945 Executing VM operation: HandshakeAllThreads (Deoptimize)
Event: 138.945 Executing VM operation: HandshakeAllThreads (Deoptimize) done
Event: 138.985 Executing VM operation: HandshakeAllThreads (Deoptimize)
Event: 138.985 Executing VM operation: HandshakeAllThreads (Deoptimize) done

Memory protections (0 events):
No events

Nmethod flushes (0 events):
No events

Events (20 events):
Event: 128.551 Thread 0x00000290c541ae20 Thread added: 0x00000290c7639f60
Event: 128.553 Thread 0x00000290c7639f60 Thread exited: 0x00000290c7639f60
Event: 129.770 Thread 0x00000290c541ae20 Thread added: 0x00000290c7639f60
Event: 129.772 Thread 0x00000290c7639f60 Thread exited: 0x00000290c7639f60
Event: 131.745 Thread 0x00000290c541ae20 Thread added: 0x00000290c7639f60
Event: 131.753 Thread 0x00000290c7639f60 Thread exited: 0x00000290c7639f60
Event: 134.708 Thread 0x00000290c541ae20 Thread added: 0x00000290c7637e90
Event: 134.709 Thread 0x00000290c7637e90 Thread exited: 0x00000290c7637e90
Event: 135.306 Thread 0x00000290c541ae20 Thread added: 0x00000290c7639f60
Event: 135.308 Thread 0x00000290c7639f60 Thread exited: 0x00000290c7639f60
Event: 136.549 Thread 0x00000290c541ae20 Thread added: 0x00000290c7637e90
Event: 136.551 Thread 0x00000290c7637e90 Thread exited: 0x00000290c7637e90
Event: 137.680 Thread 0x00000290c541ae20 Thread added: 0x00000290c7639f60
Event: 137.685 Thread 0x00000290c7639f60 Thread exited: 0x00000290c7639f60
Event: 138.946 Thread 0x00000290c541ae20 Thread added: 0x00000290c7637e90
Event: 138.999 Thread 0x00000290f398cb20 Thread added: 0x00000290c73dcad0
Event: 138.999 Thread 0x00000290f398cb20 Thread added: 0x00000290c73dd870
Event: 139.780 Thread 0x00000290c73dd870 Thread exited: 0x00000290c73dd870
Event: 139.802 Thread 0x00000290c73dcad0 Thread exited: 0x00000290c73dcad0
Event: 144.086 Thread 0x00000290c7637e90 Thread exited: 0x00000290c7637e90


Dynamic libraries:
0x00007ff7a9d80000 - 0x00007ff7a9d90000 	C:\Program Files\Java\jdk-23\bin\java.exe
0x00007fff27b20000 - 0x00007fff27d80000 	C:\Windows\SYSTEM32\ntdll.dll
0x00007fff25a00000 - 0x00007fff25ac7000 	C:\Windows\System32\KERNEL32.DLL
0x00007fff254c0000 - 0x00007fff2588a000 	C:\Windows\System32\KERNELBASE.dll
0x00007fff25370000 - 0x00007fff254bb000 	C:\Windows\System32\ucrtbase.dll
0x00007fff21600000 - 0x00007fff21617000 	C:\Program Files\Java\jdk-23\bin\jli.dll
0x00007fff1f620000 - 0x00007fff1f63b000 	C:\Program Files\Java\jdk-23\bin\VCRUNTIME140.dll
0x00007fff27900000 - 0x00007fff27acc000 	C:\Windows\System32\USER32.dll
0x00007fff24ee0000 - 0x00007fff24f07000 	C:\Windows\System32\win32u.dll
0x00007fff09430000 - 0x00007fff096c7000 	C:\Windows\WinSxS\amd64_microsoft.windows.common-controls_6595b64144ccf1df_6.0.26100.3624_none_3e086962e3345f24\COMCTL32.dll
0x00007fff25cd0000 - 0x00007fff25cfa000 	C:\Windows\System32\GDI32.dll
0x00007fff261b0000 - 0x00007fff26259000 	C:\Windows\System32\msvcrt.dll
0x00007fff24da0000 - 0x00007fff24ed1000 	C:\Windows\System32\gdi32full.dll
0x00007fff24f10000 - 0x00007fff24fb3000 	C:\Windows\System32\msvcp_win.dll
0x00007fff278c0000 - 0x00007fff278ef000 	C:\Windows\System32\IMM32.DLL
0x00007fff215e0000 - 0x00007fff215ec000 	C:\Program Files\Java\jdk-23\bin\vcruntime140_1.dll
0x00007fff0fb40000 - 0x00007fff0fbce000 	C:\Program Files\Java\jdk-23\bin\msvcp140.dll
0x00007ffeb1640000 - 0x00007ffeb238f000 	C:\Program Files\Java\jdk-23\bin\server\jvm.dll
0x00007fff26bb0000 - 0x00007fff26c62000 	C:\Windows\System32\ADVAPI32.dll
0x00007fff25d20000 - 0x00007fff25dc6000 	C:\Windows\System32\sechost.dll
0x00007fff26a90000 - 0x00007fff26ba6000 	C:\Windows\System32\RPCRT4.dll
0x00007fff25f60000 - 0x00007fff25fd4000 	C:\Windows\System32\WS2_32.dll
0x00007fff0ac00000 - 0x00007fff0ac36000 	C:\Windows\SYSTEM32\WINMM.dll
0x00007fff1bd90000 - 0x00007fff1bd9b000 	C:\Windows\SYSTEM32\VERSION.dll
0x00007fff241f0000 - 0x00007fff2424e000 	C:\Windows\SYSTEM32\POWRPROF.dll
0x00007fff24190000 - 0x00007fff241a4000 	C:\Windows\SYSTEM32\UMPDC.dll
0x00007fff23b10000 - 0x00007fff23b2a000 	C:\Windows\SYSTEM32\kernel.appcore.dll
0x00007fff21560000 - 0x00007fff2156a000 	C:\Program Files\Java\jdk-23\bin\jimage.dll
0x00007fff22390000 - 0x00007fff225d1000 	C:\Windows\SYSTEM32\DBGHELP.DLL
0x00007fff274e0000 - 0x00007fff27862000 	C:\Windows\System32\combase.dll
0x00007fff25920000 - 0x00007fff259f6000 	C:\Windows\System32\OLEAUT32.dll
0x00007ffeb4150000 - 0x00007ffeb4189000 	C:\Windows\SYSTEM32\dbgcore.DLL
0x00007fff24d00000 - 0x00007fff24d99000 	C:\Windows\System32\bcryptPrimitives.dll
0x00007fff1bdb0000 - 0x00007fff1bdce000 	C:\Program Files\Java\jdk-23\bin\java.dll
0x00007fff263d0000 - 0x00007fff26566000 	C:\Windows\System32\ole32.dll
0x00007fff26c70000 - 0x00007fff27399000 	C:\Windows\System32\SHELL32.dll
0x00007fff25200000 - 0x00007fff25368000 	C:\Windows\System32\wintypes.dll
0x00007fff22810000 - 0x00007fff23062000 	C:\Windows\SYSTEM32\windows.storage.dll
0x00007fff262e0000 - 0x00007fff263cd000 	C:\Windows\System32\SHCORE.dll
0x00007fff26140000 - 0x00007fff261a4000 	C:\Windows\System32\shlwapi.dll
0x00007fff24c10000 - 0x00007fff24c3f000 	C:\Windows\SYSTEM32\profapi.dll
0x00007fff03a90000 - 0x00007fff03b67000 	C:\Program Files\Java\jdk-23\bin\jsvml.dll
0x00007fff1e1a0000 - 0x00007fff1e1b0000 	C:\Program Files\Java\jdk-23\bin\net.dll
0x00007fff240a0000 - 0x00007fff2410a000 	C:\Windows\system32\mswsock.dll
0x00007fff1bcc0000 - 0x00007fff1bcd6000 	C:\Program Files\Java\jdk-23\bin\nio.dll
0x00007fff1bc80000 - 0x00007fff1bc97000 	C:\Program Files\Java\jdk-23\bin\zip.dll
0x00007ffef2b30000 - 0x00007ffef2cbe000 	C:\Program Files\Java\jdk-23\bin\awt.dll
0x00007fff216d0000 - 0x00007fff2176c000 	C:\Windows\SYSTEM32\apphelp.dll
0x00007fff219d0000 - 0x00007fff21a7e000 	C:\Windows\system32\uxtheme.dll
0x00007fff25fe0000 - 0x00007fff2613d000 	C:\Windows\System32\MSCTF.dll
0x00007fff21d40000 - 0x00007fff21d76000 	C:\Windows\system32\DWMAPI.DLL
0x00007fff06a40000 - 0x00007fff06ac7000 	C:\Program Files\Java\jdk-23\bin\freetype.dll
0x00007ffefc800000 - 0x00007ffefc8d7000 	C:\Program Files\Java\jdk-23\bin\fontmanager.dll
0x00007ffeea510000 - 0x00007ffeea61c000 	C:\Windows\system32\opengl32.dll
0x00007ffeeb860000 - 0x00007ffeeb88d000 	C:\Windows\SYSTEM32\GLU32.dll
0x00007fff21b70000 - 0x00007fff21bb7000 	C:\Windows\SYSTEM32\dxcore.dll
0x00007fff0ef90000 - 0x00007fff0f0d9000 	C:\Windows\SYSTEM32\textinputframework.dll
0x00007fff21290000 - 0x00007fff213b6000 	C:\Windows\SYSTEM32\CoreMessaging.dll
0x00007fff1d620000 - 0x00007fff1d903000 	C:\Windows\SYSTEM32\CoreUIComponents.dll
0x00007fff243f0000 - 0x00007fff243fc000 	C:\Windows\SYSTEM32\CRYPTBASE.DLL
0x00007fff273a0000 - 0x00007fff27448000 	C:\Windows\System32\clbcatq.dll
0x00007fff1f950000 - 0x00007fff1fb7e000 	C:\Windows\SYSTEM32\WindowsCodecs.dll
0x00007ffee99b0000 - 0x00007ffee9a0a000 	C:\Windows\system32\dataexchange.dll
0x00007fff16de0000 - 0x00007fff1701b000 	C:\Windows\system32\twinapi.appcore.dll
0x00007fff1e0b0000 - 0x00007fff1e0b9000 	C:\Program Files\Java\jdk-23\bin\extnet.dll
0x00007fff1e220000 - 0x00007fff1e238000 	C:\Windows\system32\napinsp.dll
0x00007fff235f0000 - 0x00007fff23715000 	C:\Windows\SYSTEM32\DNSAPI.dll
0x00007fff235b0000 - 0x00007fff235e3000 	C:\Windows\SYSTEM32\IPHLPAPI.DLL
0x00007fff25ad0000 - 0x00007fff25ada000 	C:\Windows\System32\NSI.dll
0x00007fff1e200000 - 0x00007fff1e212000 	C:\Windows\System32\winrnr.dll
0x00007fff1e0e0000 - 0x00007fff1e110000 	C:\Windows\system32\nlansp_c.dll
0x00007ffeec950000 - 0x00007ffeec966000 	C:\Windows\system32\wshbth.dll
0x0000000071440000 - 0x0000000071466000 	C:\Program Files\Bonjour\mdnsNSP.dll
0x00007fff1d610000 - 0x00007fff1d61b000 	C:\Windows\System32\rasadhlp.dll
0x00007fff1f750000 - 0x00007fff1f7d5000 	C:\Windows\System32\fwpuclnt.dll
0x00007fff24400000 - 0x00007fff2441c000 	C:\Windows\SYSTEM32\CRYPTSP.dll
0x00007fff23a70000 - 0x00007fff23aaa000 	C:\Windows\system32\rsaenh.dll
0x00007fff24160000 - 0x00007fff2418b000 	C:\Windows\SYSTEM32\USERENV.dll
0x00007fff24be0000 - 0x00007fff24c06000 	C:\Windows\SYSTEM32\bcrypt.dll
0x00007fff215f0000 - 0x00007fff215fe000 	C:\Program Files\Java\jdk-23\bin\sunmscapi.dll
0x00007fff25080000 - 0x00007fff251f7000 	C:\Windows\System32\CRYPT32.dll
0x00007fff245f0000 - 0x00007fff24620000 	C:\Windows\SYSTEM32\ncrypt.dll
0x00007fff245a0000 - 0x00007fff245df000 	C:\Windows\SYSTEM32\NTASN1.dll
0x00007fff1e150000 - 0x00007fff1e160000 	C:\Program Files\Java\jdk-23\bin\verify.dll
0x00007ffeeb9d0000 - 0x00007ffeeba49000 	C:\Windows\system32\Ninput.dll
0x00007fff153e0000 - 0x00007fff15494000 	C:\Windows\WinSxS\amd64_microsoft.windows.common-controls_6595b64144ccf1df_5.82.26100.1882_none_87f34cef7a28f535\comctl32.dll
0x00007fff1f220000 - 0x00007fff1f31c000 	C:\Windows\SYSTEM32\PROPSYS.dll
0x00007ffef2960000 - 0x00007ffef2a1e000 	C:\Windows\System32\Windows.FileExplorer.Common.dll
0x00007fff24960000 - 0x00007fff249bf000 	C:\Windows\SYSTEM32\CFGMGR32.dll
0x00007ffeea360000 - 0x00007ffeea504000 	C:\Windows\SYSTEM32\dui70.dll
0x00007fff1b7c0000 - 0x00007fff1b7db000 	C:\Windows\system32\NetworkExplorer.dll
0x00007ffef2fe0000 - 0x00007ffef3160000 	C:\Windows\System32\Windows.System.Launcher.dll
0x00007fff146a0000 - 0x00007fff146ba000 	C:\Windows\SYSTEM32\windows.staterepositorycore.dll
0x00007fff004e0000 - 0x00007fff00501000 	C:\Windows\SYSTEM32\MPR.dll
0x00007fff1b9b0000 - 0x00007fff1b9d8000 	C:\Windows\System32\p9np.dll
0x00007fff1b9a0000 - 0x00007fff1b9ad000 	C:\Windows\System32\drprov.dll
0x00007fff1b980000 - 0x00007fff1b99d000 	C:\Windows\System32\ntlanman.dll
0x00007fff1b950000 - 0x00007fff1b971000 	C:\Windows\System32\davclnt.dll
0x00007fff23c30000 - 0x00007fff23c97000 	C:\Windows\System32\WINSTA.dll
0x00007fff1e690000 - 0x00007fff1e6ab000 	C:\Windows\System32\wkscli.dll
0x00007ffef9f60000 - 0x00007ffef9f73000 	C:\Windows\SYSTEM32\cscapi.dll
0x00007fff23460000 - 0x00007fff2346d000 	C:\Windows\System32\netutils.dll
0x00007ffee0a60000 - 0x00007ffee0aba000 	C:\Windows\System32\dlnashext.dll
0x00007fff03540000 - 0x00007fff0359c000 	C:\Windows\System32\PlayToDevice.dll
0x00007fff02160000 - 0x00007fff02182000 	C:\Windows\System32\DevDispItemProvider.dll
0x00007fff14a30000 - 0x00007fff14aca000 	C:\Windows\System32\MMDevApi.dll
0x00007fff24930000 - 0x00007fff2495d000 	C:\Windows\System32\DEVOBJ.dll
0x00007ffefa400000 - 0x00007ffefa4ab000 	C:\Windows\system32\wpdshext.dll
0x00007ffef8b80000 - 0x00007ffef8d56000 	C:\Windows\WinSxS\amd64_microsoft.windows.gdiplus_6595b64144ccf1df_1.1.26100.3624_none_6ef35c483dc6d8f2\gdiplus.dll
0x00007fff179c0000 - 0x00007fff17a5e000 	C:\Windows\System32\PortableDeviceApi.dll
0x00007fff26600000 - 0x00007fff26a86000 	C:\Windows\System32\SETUPAPI.dll
0x00007fff25890000 - 0x00007fff2590f000 	C:\Windows\System32\WINTRUST.dll
0x00007fff24460000 - 0x00007fff24473000 	C:\Windows\SYSTEM32\MSASN1.dll
0x00007ffee4200000 - 0x00007ffee4238000 	C:\Windows\System32\EhStorShell.dll
0x00007fff1b920000 - 0x00007fff1b945000 	C:\Windows\System32\EhStorAPI.dll
0x00007fff21850000 - 0x00007fff21866000 	C:\Windows\System32\WTSAPI32.dll
0x00007ffeea880000 - 0x00007ffeea88f000 	C:\Windows\SYSTEM32\LINKINFO.dll

dbghelp: loaded successfully - version: 4.0.5 - missing functions: none
symbol engine: initialized successfully - sym options: 0x614 - pdb path: .;C:\Program Files\Java\jdk-23\bin;C:\Windows\SYSTEM32;C:\Windows\WinSxS\amd64_microsoft.windows.common-controls_6595b64144ccf1df_6.0.26100.3624_none_3e086962e3345f24;C:\Program Files\Java\jdk-23\bin\server;C:\Program Files\Bonjour;C:\Windows\WinSxS\amd64_microsoft.windows.common-controls_6595b64144ccf1df_5.82.26100.1882_none_87f34cef7a28f535;C:\Windows\WinSxS\amd64_microsoft.windows.gdiplus_6595b64144ccf1df_1.1.26100.3624_none_6ef35c483dc6d8f2

VM Arguments:
java_command: UI.Main
java_class_path (initial): C:\Users\lango\Documents\NetBeansProjects\PRO1041\target\classes;C:\Users\lango\.m2\repository\com\microsoft\sqlserver\mssql-jdbc\12.4.2.jre11\mssql-jdbc-12.4.2.jre11.jar;C:\Users\lango\.m2\repository\com\sun\mail\jakarta.mail\2.0.1\jakarta.mail-2.0.1.jar;C:\Users\lango\.m2\repository\com\sun\activation\jakarta.activation\2.0.1\jakarta.activation-2.0.1.jar;C:\Users\lango\.m2\repository\com\toedter\jcalendar\1.4\jcalendar-1.4.jar
Launcher Type: SUN_STANDARD

[Global flags]
     intx CICompilerCount                          = 4                                         {product} {ergonomic}
     uint ConcGCThreads                            = 2                                         {product} {ergonomic}
     uint G1ConcRefinementThreads                  = 8                                         {product} {ergonomic}
   size_t G1HeapRegionSize                         = 1048576                                   {product} {ergonomic}
   size_t InitialHeapSize                          = 132120576                                 {product} {ergonomic}
   size_t MarkStackSize                            = 4194304                                   {product} {ergonomic}
   size_t MarkStackSizeMax                         = 536870912                                 {product} {ergonomic}
   size_t MaxHeapSize                              = 2090860544                                {product} {ergonomic}
   size_t MaxNewSize                               = 1254096896                                {product} {ergonomic}
   size_t MinHeapDeltaBytes                        = 1048576                                   {product} {ergonomic}
   size_t MinHeapSize                              = 8388608                                   {product} {ergonomic}
    uintx NonNMethodCodeHeapSize                   = 5832704                                {pd product} {ergonomic}
    uintx NonProfiledCodeHeapSize                  = 122945536                              {pd product} {ergonomic}
    uintx ProfiledCodeHeapSize                     = 122880000                              {pd product} {ergonomic}
    uintx ReservedCodeCacheSize                    = 251658240                              {pd product} {ergonomic}
     bool SegmentedCodeCache                       = true                                      {product} {ergonomic}
   size_t SoftMaxHeapSize                          = 2090860544                             {manageable} {ergonomic}
     bool UseCompressedOops                        = true                           {product lp64_product} {ergonomic}
     bool UseG1GC                                  = true                                      {product} {ergonomic}
     bool UseLargePagesIndividualAllocation        = false                                  {pd product} {ergonomic}

Logging:
Log output configuration:
 #0: stdout all=warning uptime,level,tags foldmultilines=false
 #1: stderr all=off uptime,level,tags foldmultilines=false

Environment Variables:
JAVA_HOME=C:\Program Files\Java\jdk-23
PATH=C:\Program Files\Common Files\Oracle\Java\javapath;C:\Windows\system32;C:\Windows;C:\Windows\System32\Wbem;C:\Windows\System32\WindowsPowerShell\v1.0\;C:\Windows\System32\OpenSSH\;C:\Program Files (x86)\Microsoft SQL Server\160\DTS\Binn\;C:\Program Files\Git\cmd;C:\Program Files (x86)\Microsoft SQL Server\160\Tools\Binn\;C:\Program Files\Microsoft SQL Server\160\Tools\Binn\;C:\Program Files\Microsoft SQL Server\Client SDK\ODBC\170\Tools\Binn\;C:\Program Files\Microsoft SQL Server\160\DTS\Binn\;C:\Program Files\nodejs\;C:\Program Files\dotnet\;C:\Users\lango\AppData\Local\Microsoft\WindowsApps;C:\Users\lango\.lmstudio\bin;C:\Users\lango\AppData\Local\Programs\Microsoft VS Code\bin;C:\Users\lango\AppData\Roaming\npm
USERNAME=lango
OS=Windows_NT
PROCESSOR_IDENTIFIER=Intel64 Family 6 Model 140 Stepping 1, GenuineIntel
TMP=C:\Users\lango\AppData\Local\Temp
TEMP=C:\Users\lango\AppData\Local\Temp




Periodic native trim disabled

---------------  S Y S T E M  ---------------

OS:
 Windows 11 , 64 bit Build 26100 (10.0.26100.3775)
OS uptime: 3 days 6:41 hours
Hyper-V role detected

CPU: total 8 (initial active 8) (4 cores per cpu, 2 threads per core) family 6 model 140 stepping 1 microcode 0xb6, cx8, cmov, fxsr, ht, mmx, 3dnowpref, sse, sse2, sse3, ssse3, sse4.1, sse4.2, popcnt, lzcnt, tsc, tscinvbit, avx, avx2, aes, erms, clmul, bmi1, bmi2, adx, avx512f, avx512dq, avx512cd, avx512bw, avx512vl, sha, fma, vzeroupper, avx512_vpopcntdq, avx512_vpclmulqdq, avx512_vaes, avx512_vnni, clflush, clflushopt, clwb, avx512_vbmi2, avx512_vbmi, hv, rdtscp, rdpid, fsrm, gfni, avx512_bitalg, f16c, cet_ibt, cet_ss, avx512_ifma
Processor Information for the first 8 processors :
  Max Mhz: 2419, Current Mhz: 2419, Mhz Limit: 2419

Memory: 4k page, system-wide physical 7975M (948M free)
TotalPageFile size 32551M (AvailPageFile size 307M)
current process WorkingSet (physical memory assigned to process): 188M, peak: 208M
current process commit charge ("private bytes"): 208M, peak: 265M

vm_info: Java HotSpot(TM) 64-Bit Server VM (23.0.1+11-39) for windows-amd64 JRE (23.0.1+11-39), built on 2024-09-30T07:20:43Z with MS VC++ 17.6 (VS2022)

END.
